[2023-07-21 09:40:05Z INFO HostContext] No proxy settings were found based on environmental variables (http_proxy/https_proxy/HTTP_PROXY/HTTPS_PROXY)
[2023-07-21 09:40:05Z INFO HostContext] Well known directory 'Bin': 'C:\Users\320231167\source\repos\firstmigration\actions-runner\bin'
[2023-07-21 09:40:05Z INFO HostContext] Well known directory 'Root': 'C:\Users\320231167\source\repos\firstmigration\actions-runner'
[2023-07-21 09:40:05Z INFO HostContext] Well known config file 'Credentials': 'C:\Users\320231167\source\repos\firstmigration\actions-runner\.credentials'
[2023-07-21 09:40:05Z INFO HostContext] Well known directory 'Bin': 'C:\Users\320231167\source\repos\firstmigration\actions-runner\bin'
[2023-07-21 09:40:05Z INFO HostContext] Well known directory 'Root': 'C:\Users\320231167\source\repos\firstmigration\actions-runner'
[2023-07-21 09:40:05Z INFO HostContext] Well known config file 'Runner': 'C:\Users\320231167\source\repos\firstmigration\actions-runner\.runner'
[2023-07-21 09:40:06Z INFO Listener] Runner is built for Windows (X64) - win-x64.
[2023-07-21 09:40:06Z INFO Listener] RuntimeInformation: Microsoft Windows 10.0.19045.
[2023-07-21 09:40:06Z INFO Listener] Version: 2.306.0
[2023-07-21 09:40:06Z INFO Listener] Commit: da6dfe9110e494c9c0f375d9d0e1deff824b1e50
[2023-07-21 09:40:06Z INFO Listener] Culture: en-IN
[2023-07-21 09:40:06Z INFO Listener] UI Culture: en-US
[2023-07-21 09:40:06Z INFO HostContext] Well known directory 'Bin': 'C:\Users\320231167\source\repos\firstmigration\actions-runner\bin'
[2023-07-21 09:40:06Z INFO HostContext] Well known directory 'Root': 'C:\Users\320231167\source\repos\firstmigration\actions-runner'
[2023-07-21 09:40:06Z INFO Listener] Validating directory permissions for: 'C:\Users\320231167\source\repos\firstmigration\actions-runner'
[2023-07-21 09:40:06Z INFO CommandLineParser] Parse
[2023-07-21 09:40:06Z INFO CommandLineParser] Parsing 5 args
[2023-07-21 09:40:06Z INFO CommandLineParser] parsing argument
[2023-07-21 09:40:06Z INFO CommandLineParser] HasArgs: False
[2023-07-21 09:40:06Z INFO CommandLineParser] Adding Command: configure
[2023-07-21 09:40:06Z INFO CommandLineParser] parsing argument
[2023-07-21 09:40:06Z INFO CommandLineParser] HasArgs: True
[2023-07-21 09:40:06Z INFO CommandLineParser] arg: url
[2023-07-21 09:40:06Z INFO CommandLineParser] parsing argument
[2023-07-21 09:40:06Z INFO CommandLineParser] HasArgs: True
[2023-07-21 09:40:06Z INFO CommandLineParser] Adding option 'url': 'https://github.com/shreyabansall/firstmigration'
[2023-07-21 09:40:06Z INFO CommandLineParser] parsing argument
[2023-07-21 09:40:06Z INFO CommandLineParser] HasArgs: True
[2023-07-21 09:40:06Z INFO CommandLineParser] arg: token
[2023-07-21 09:40:06Z INFO CommandLineParser] parsing argument
[2023-07-21 09:40:06Z INFO CommandLineParser] HasArgs: True
[2023-07-21 09:40:06Z INFO CommandLineParser] Adding option 'token': '***'
[2023-07-21 09:40:06Z INFO Listener] Arguments parsed
[2023-07-21 09:40:06Z INFO Runner] ExecuteCommand
[2023-07-21 09:40:06Z INFO ConfigurationStore] currentAssemblyLocation: C:\Users\320231167\source\repos\firstmigration\actions-runner\bin\Runner.Listener.dll
[2023-07-21 09:40:06Z INFO HostContext] Well known directory 'Bin': 'C:\Users\320231167\source\repos\firstmigration\actions-runner\bin'
[2023-07-21 09:40:06Z INFO ConfigurationStore] binPath: C:\Users\320231167\source\repos\firstmigration\actions-runner\bin
[2023-07-21 09:40:06Z INFO HostContext] Well known directory 'Bin': 'C:\Users\320231167\source\repos\firstmigration\actions-runner\bin'
[2023-07-21 09:40:06Z INFO HostContext] Well known directory 'Root': 'C:\Users\320231167\source\repos\firstmigration\actions-runner'
[2023-07-21 09:40:06Z INFO ConfigurationStore] RootFolder: C:\Users\320231167\source\repos\firstmigration\actions-runner
[2023-07-21 09:40:06Z INFO HostContext] Well known directory 'Bin': 'C:\Users\320231167\source\repos\firstmigration\actions-runner\bin'
[2023-07-21 09:40:06Z INFO HostContext] Well known directory 'Root': 'C:\Users\320231167\source\repos\firstmigration\actions-runner'
[2023-07-21 09:40:06Z INFO HostContext] Well known config file 'Runner': 'C:\Users\320231167\source\repos\firstmigration\actions-runner\.runner'
[2023-07-21 09:40:06Z INFO ConfigurationStore] ConfigFilePath: C:\Users\320231167\source\repos\firstmigration\actions-runner\.runner
[2023-07-21 09:40:06Z INFO HostContext] Well known directory 'Bin': 'C:\Users\320231167\source\repos\firstmigration\actions-runner\bin'
[2023-07-21 09:40:06Z INFO HostContext] Well known directory 'Root': 'C:\Users\320231167\source\repos\firstmigration\actions-runner'
[2023-07-21 09:40:06Z INFO HostContext] Well known config file 'Credentials': 'C:\Users\320231167\source\repos\firstmigration\actions-runner\.credentials'
[2023-07-21 09:40:06Z INFO ConfigurationStore] CredFilePath: C:\Users\320231167\source\repos\firstmigration\actions-runner\.credentials
[2023-07-21 09:40:06Z INFO HostContext] Well known directory 'Bin': 'C:\Users\320231167\source\repos\firstmigration\actions-runner\bin'
[2023-07-21 09:40:06Z INFO HostContext] Well known directory 'Root': 'C:\Users\320231167\source\repos\firstmigration\actions-runner'
[2023-07-21 09:40:06Z INFO HostContext] Well known config file 'MigratedCredentials': 'C:\Users\320231167\source\repos\firstmigration\actions-runner\.credentials_migrated'
[2023-07-21 09:40:06Z INFO ConfigurationStore] MigratedCredFilePath: C:\Users\320231167\source\repos\firstmigration\actions-runner\.credentials_migrated
[2023-07-21 09:40:06Z INFO HostContext] Well known directory 'Bin': 'C:\Users\320231167\source\repos\firstmigration\actions-runner\bin'
[2023-07-21 09:40:06Z INFO HostContext] Well known directory 'Root': 'C:\Users\320231167\source\repos\firstmigration\actions-runner'
[2023-07-21 09:40:06Z INFO HostContext] Well known config file 'Service': 'C:\Users\320231167\source\repos\firstmigration\actions-runner\.service'
[2023-07-21 09:40:06Z INFO ConfigurationStore] ServiceConfigFilePath: C:\Users\320231167\source\repos\firstmigration\actions-runner\.service
[2023-07-21 09:40:06Z INFO CommandSettings] Flag 'help': 'False'
[2023-07-21 09:40:06Z INFO CommandSettings] Flag 'version': 'False'
[2023-07-21 09:40:06Z INFO CommandSettings] Flag 'commit': 'False'
[2023-07-21 09:40:06Z INFO CommandSettings] Flag 'check': 'False'
[2023-07-21 09:40:06Z INFO CommandSettings] Command 'configure': 'True'
[2023-07-21 09:40:06Z INFO Terminal] WRITE LINE: 
[2023-07-21 09:40:06Z INFO Terminal] WRITE LINE: --------------------------------------------------------------------------------
[2023-07-21 09:40:06Z INFO Terminal] WRITE LINE: |        ____ _ _   _   _       _          _        _   _                      |
[2023-07-21 09:40:06Z INFO Terminal] WRITE LINE: |       / ___(_) |_| | | |_   _| |__      / \   ___| |_(_) ___  _ __  ___      |
[2023-07-21 09:40:06Z INFO Terminal] WRITE LINE: |      | |  _| | __| |_| | | | | '_ \    / _ \ / __| __| |/ _ \| '_ \/ __|     |
[2023-07-21 09:40:06Z INFO Terminal] WRITE LINE: |      | |_| | | |_|  _  | |_| | |_) |  / ___ \ (__| |_| | (_) | | | \__ \     |
[2023-07-21 09:40:06Z INFO Terminal] WRITE LINE: |       \____|_|\__|_| |_|\__,_|_.__/  /_/   \_\___|\__|_|\___/|_| |_|___/     |
[2023-07-21 09:40:06Z INFO Terminal] WRITE LINE: |                                                                              |
[2023-07-21 09:40:06Z INFO Terminal] WRITE: |                       
[2023-07-21 09:40:06Z INFO Terminal] WRITE: Self-hosted runner registration
[2023-07-21 09:40:06Z INFO Terminal] WRITE LINE:                         |
[2023-07-21 09:40:06Z INFO Terminal] WRITE LINE: |                                                                              |
[2023-07-21 09:40:06Z INFO Terminal] WRITE LINE: --------------------------------------------------------------------------------
[2023-07-21 09:40:06Z INFO ConfigurationManager] ConfigureAsync
[2023-07-21 09:40:06Z INFO CommandSettings] Flag 'generateServiceConfig': 'False'
[2023-07-21 09:40:06Z INFO ConfigurationStore] IsConfigured()
[2023-07-21 09:40:06Z INFO ConfigurationStore] IsConfigured: False
[2023-07-21 09:40:06Z INFO ConfigurationManager] Is configured: False
[2023-07-21 09:40:06Z INFO CommandSettings] Arg 'url': 'https://github.com/shreyabansall/firstmigration'
[2023-07-21 09:40:06Z INFO CommandSettings] Remove url from Arg dictionary.
[2023-07-21 09:40:06Z INFO CommandSettings] Arg 'token': '***'
[2023-07-21 09:40:06Z INFO CommandSettings] Remove token from Arg dictionary.
[2023-07-21 09:40:09Z INFO ConfigurationManager] Http response code: OK from 'POST https://api.github.com/actions/runner-registration' (AE6E:7849:72653A:76C013:64BA5278)
[2023-07-21 09:40:09Z INFO ConfigurationManager] Using V2 flow: False
[2023-07-21 09:40:09Z INFO ConfigurationManager] cred retrieved via GitHub auth
[2023-07-21 09:40:09Z INFO RunnerServer] EstablishVssConnection
[2023-07-21 09:40:09Z INFO RunnerServer] Establish connection with 100 seconds timeout.
[2023-07-21 09:40:09Z INFO GitHubActionsService] Starting operation Location.GetConnectionData
[2023-07-21 09:40:09Z INFO RunnerServer] EstablishVssConnection
[2023-07-21 09:40:09Z INFO RunnerServer] Establish connection with 60 seconds timeout.
[2023-07-21 09:40:09Z INFO GitHubActionsService] Starting operation Location.GetConnectionData
[2023-07-21 09:40:09Z INFO RunnerServer] EstablishVssConnection
[2023-07-21 09:40:09Z INFO RunnerServer] Establish connection with 60 seconds timeout.
[2023-07-21 09:40:09Z INFO GitHubActionsService] Starting operation Location.GetConnectionData
[2023-07-21 09:40:11Z INFO GitHubActionsService] Finished operation Location.GetConnectionData
[2023-07-21 09:40:11Z INFO GitHubActionsService] Finished operation Location.GetConnectionData
[2023-07-21 09:40:11Z INFO GitHubActionsService] Finished operation Location.GetConnectionData
[2023-07-21 09:40:11Z INFO Terminal] WRITE LINE: 
[2023-07-21 09:40:11Z INFO ConfigurationManager] Test Connection complete.
[2023-07-21 09:40:11Z INFO HostContext] Well known directory 'Bin': 'C:\Users\320231167\source\repos\firstmigration\actions-runner\bin'
[2023-07-21 09:40:11Z INFO HostContext] Well known directory 'Root': 'C:\Users\320231167\source\repos\firstmigration\actions-runner'
[2023-07-21 09:40:11Z INFO HostContext] Well known config file 'RSACredentials': 'C:\Users\320231167\source\repos\firstmigration\actions-runner\.credentials_rsaparams'
[2023-07-21 09:40:11Z INFO RSAEncryptedFileKeyManager] Found existing RSA key parameters file C:\Users\320231167\source\repos\firstmigration\actions-runner\.credentials_rsaparams
[2023-07-21 09:40:11Z INFO CommandSettings] Arg 'runnergroup': ''
[2023-07-21 09:40:11Z INFO CommandSettings] Flag 'unattended': 'False'
[2023-07-21 09:40:11Z INFO PromptManager] ReadValue
[2023-07-21 09:40:11Z INFO Terminal] WRITE: Enter the name of the runner group to add this runner to: 
[2023-07-21 09:40:11Z INFO Terminal] WRITE: [press Enter for Default] 
[2023-07-21 09:40:11Z INFO Terminal] READ LINE
[2023-07-21 09:40:33Z INFO Terminal] Read value: ''
[2023-07-21 09:40:33Z INFO PromptManager] Falling back to the default: 'Default'
[2023-07-21 09:40:33Z INFO Terminal] WRITE LINE: 
[2023-07-21 09:40:33Z INFO ConfigurationManager] Found a self-hosted runner group with id 1 and name Default
[2023-07-21 09:40:33Z INFO CommandSettings] Flag 'disableupdate': 'False'
[2023-07-21 09:40:33Z INFO CommandSettings] Flag 'ephemeral': 'False'
[2023-07-21 09:40:33Z INFO CommandSettings] Arg 'name': ''
[2023-07-21 09:40:33Z INFO CommandSettings] Flag 'unattended': 'False'
[2023-07-21 09:40:33Z INFO PromptManager] ReadValue
[2023-07-21 09:40:33Z INFO Terminal] WRITE: Enter the name of runner: 
[2023-07-21 09:40:33Z INFO Terminal] WRITE: [press Enter for YY304158] 
[2023-07-21 09:40:33Z INFO Terminal] READ LINE
[2023-07-21 09:40:41Z INFO Terminal] Read value: ''
[2023-07-21 09:40:41Z INFO PromptManager] Falling back to the default: 'YY304158'
[2023-07-21 09:40:41Z INFO Terminal] WRITE LINE: 
[2023-07-21 09:40:41Z INFO CommandSettings] Arg 'labels': ''
[2023-07-21 09:40:41Z INFO CommandSettings] Flag 'unattended': 'False'
[2023-07-21 09:40:41Z INFO PromptManager] ReadValue
[2023-07-21 09:40:41Z INFO Terminal] WRITE: This runner will have the following labels: 'self-hosted', 'Windows', 'X64' 
Enter any additional labels (ex. label-1,label-2): 
[2023-07-21 09:40:41Z INFO Terminal] WRITE: [press Enter to skip] 
[2023-07-21 09:40:41Z INFO Terminal] READ LINE
[2023-07-21 09:40:53Z INFO Terminal] Read value: ''
[2023-07-21 09:40:53Z INFO Terminal] WRITE LINE: 
[2023-07-21 09:40:53Z INFO CommandSettings] Flag 'disableupdate': 'False'
[2023-07-21 09:40:53Z INFO CommandSettings] Flag 'no-default-labels': 'False'
[2023-07-21 09:40:54Z INFO CommandSettings] Flag 'disableupdate': 'False'
[2023-07-21 09:40:54Z INFO CommandSettings] Flag 'ephemeral': 'False'
[2023-07-21 09:40:54Z INFO ConfigurationStore] Saving OAuth credential @ C:\Users\320231167\source\repos\firstmigration\actions-runner\.credentials
[2023-07-21 09:40:54Z INFO ConfigurationStore] Credentials Saved.
[2023-07-21 09:40:54Z INFO ConfigurationStore] HasCredentials()
[2023-07-21 09:40:54Z INFO ConfigurationStore] stored True
[2023-07-21 09:40:54Z INFO CredentialManager] GetCredentialProvider
[2023-07-21 09:40:54Z INFO CredentialManager] Creating type OAuth
[2023-07-21 09:40:54Z INFO CredentialManager] Creating credential type: OAuth
[2023-07-21 09:40:54Z INFO RSAEncryptedFileKeyManager] Loading RSA key parameters from file C:\Users\320231167\source\repos\firstmigration\actions-runner\.credentials_rsaparams
[2023-07-21 09:40:54Z INFO RunnerServer] EstablishVssConnection
[2023-07-21 09:40:54Z INFO RunnerServer] Establish connection with 100 seconds timeout.
[2023-07-21 09:40:54Z INFO GitHubActionsService] Starting operation Location.GetConnectionData
[2023-07-21 09:40:54Z INFO RunnerServer] EstablishVssConnection
[2023-07-21 09:40:54Z INFO RunnerServer] Establish connection with 60 seconds timeout.
[2023-07-21 09:40:54Z INFO GitHubActionsService] Starting operation Location.GetConnectionData
[2023-07-21 09:40:54Z INFO RunnerServer] EstablishVssConnection
[2023-07-21 09:40:54Z INFO RunnerServer] Establish connection with 60 seconds timeout.
[2023-07-21 09:40:54Z INFO GitHubActionsService] Starting operation Location.GetConnectionData
[2023-07-21 09:40:54Z INFO GitHubActionsService] Finished operation Location.GetConnectionData
[2023-07-21 09:40:54Z INFO GitHubActionsService] Finished operation Location.GetConnectionData
[2023-07-21 09:40:55Z INFO GitHubActionsService] Finished operation Location.GetConnectionData
[2023-07-21 09:40:56Z INFO RSAEncryptedFileKeyManager] Loading RSA key parameters from file C:\Users\320231167\source\repos\firstmigration\actions-runner\.credentials_rsaparams
[2023-07-21 09:40:56Z INFO RSAEncryptedFileKeyManager] Loading RSA key parameters from file C:\Users\320231167\source\repos\firstmigration\actions-runner\.credentials_rsaparams
[2023-07-21 09:40:57Z INFO GitHubActionsService] AAD Correlation ID for this token request: Unknown
[2023-07-21 09:40:58Z INFO CommandSettings] Arg 'work': ''
[2023-07-21 09:40:58Z INFO CommandSettings] Flag 'unattended': 'False'
[2023-07-21 09:40:58Z INFO PromptManager] ReadValue
[2023-07-21 09:40:58Z INFO Terminal] WRITE: Enter name of work folder: 
[2023-07-21 09:40:58Z INFO Terminal] WRITE: [press Enter for _work] 
[2023-07-21 09:40:58Z INFO Terminal] READ LINE
[2023-07-21 09:41:16Z INFO Terminal] Read value: ''
[2023-07-21 09:41:16Z INFO PromptManager] Falling back to the default: '_work'
[2023-07-21 09:41:16Z INFO ConfigurationStore] Saving runner settings.
[2023-07-21 09:41:16Z INFO ConfigurationStore] Settings Saved.
[2023-07-21 09:41:16Z INFO Terminal] WRITE LINE: 
[2023-07-21 09:41:16Z INFO Terminal] WRITE LINE: 
[2023-07-21 09:41:16Z INFO CommandSettings] Flag 'runasservice': 'False'
[2023-07-21 09:41:16Z INFO CommandSettings] Flag 'unattended': 'False'
[2023-07-21 09:41:16Z INFO PromptManager] ReadValue
[2023-07-21 09:41:16Z INFO Terminal] WRITE: Would you like to run the runner as service? (Y/N) 
[2023-07-21 09:41:16Z INFO Terminal] WRITE: [press Enter for N] 
[2023-07-21 09:41:16Z INFO Terminal] READ LINE
[2023-07-21 09:45:03Z INFO Terminal] Read value: ''
[2023-07-21 09:45:03Z INFO PromptManager] Falling back to the default: 'N'
[2023-07-21 09:45:03Z INFO Listener] Runner execution has finished with return code 0
