[2023-07-21 09:45:53Z INFO HostContext] No proxy settings were found based on environmental variables (http_proxy/https_proxy/HTTP_PROXY/HTTPS_PROXY)
[2023-07-21 09:45:53Z INFO HostContext] Well known directory 'Bin': 'C:\Users\320231167\source\repos\firstmigration\actions-runner\bin'
[2023-07-21 09:45:53Z INFO HostContext] Well known directory 'Root': 'C:\Users\320231167\source\repos\firstmigration\actions-runner'
[2023-07-21 09:45:53Z INFO HostContext] Well known config file 'Credentials': 'C:\Users\320231167\source\repos\firstmigration\actions-runner\.credentials'
[2023-07-21 09:45:53Z INFO HostContext] Well known directory 'Bin': 'C:\Users\320231167\source\repos\firstmigration\actions-runner\bin'
[2023-07-21 09:45:53Z INFO HostContext] Well known directory 'Root': 'C:\Users\320231167\source\repos\firstmigration\actions-runner'
[2023-07-21 09:45:53Z INFO HostContext] Well known config file 'Runner': 'C:\Users\320231167\source\repos\firstmigration\actions-runner\.runner'
[2023-07-21 09:45:53Z INFO Listener] Runner is built for Windows (X64) - win-x64.
[2023-07-21 09:45:53Z INFO Listener] RuntimeInformation: Microsoft Windows 10.0.19045.
[2023-07-21 09:45:53Z INFO Listener] Version: 2.306.0
[2023-07-21 09:45:53Z INFO Listener] Commit: da6dfe9110e494c9c0f375d9d0e1deff824b1e50
[2023-07-21 09:45:53Z INFO Listener] Culture: en-IN
[2023-07-21 09:45:53Z INFO Listener] UI Culture: en-US
[2023-07-21 09:45:53Z INFO HostContext] Well known directory 'Bin': 'C:\Users\320231167\source\repos\firstmigration\actions-runner\bin'
[2023-07-21 09:45:53Z INFO HostContext] Well known directory 'Root': 'C:\Users\320231167\source\repos\firstmigration\actions-runner'
[2023-07-21 09:45:53Z INFO Listener] Validating directory permissions for: 'C:\Users\320231167\source\repos\firstmigration\actions-runner'
[2023-07-21 09:45:53Z INFO CommandLineParser] Parse
[2023-07-21 09:45:53Z INFO CommandLineParser] Parsing 1 args
[2023-07-21 09:45:53Z INFO CommandLineParser] parsing argument
[2023-07-21 09:45:53Z INFO CommandLineParser] HasArgs: False
[2023-07-21 09:45:53Z INFO CommandLineParser] Adding Command: run
[2023-07-21 09:45:53Z INFO Listener] Arguments parsed
[2023-07-21 09:45:53Z INFO Runner] ExecuteCommand
[2023-07-21 09:45:53Z INFO ConfigurationStore] currentAssemblyLocation: C:\Users\320231167\source\repos\firstmigration\actions-runner\bin\Runner.Listener.dll
[2023-07-21 09:45:53Z INFO HostContext] Well known directory 'Bin': 'C:\Users\320231167\source\repos\firstmigration\actions-runner\bin'
[2023-07-21 09:45:53Z INFO ConfigurationStore] binPath: C:\Users\320231167\source\repos\firstmigration\actions-runner\bin
[2023-07-21 09:45:53Z INFO HostContext] Well known directory 'Bin': 'C:\Users\320231167\source\repos\firstmigration\actions-runner\bin'
[2023-07-21 09:45:53Z INFO HostContext] Well known directory 'Root': 'C:\Users\320231167\source\repos\firstmigration\actions-runner'
[2023-07-21 09:45:53Z INFO ConfigurationStore] RootFolder: C:\Users\320231167\source\repos\firstmigration\actions-runner
[2023-07-21 09:45:53Z INFO HostContext] Well known directory 'Bin': 'C:\Users\320231167\source\repos\firstmigration\actions-runner\bin'
[2023-07-21 09:45:53Z INFO HostContext] Well known directory 'Root': 'C:\Users\320231167\source\repos\firstmigration\actions-runner'
[2023-07-21 09:45:53Z INFO HostContext] Well known config file 'Runner': 'C:\Users\320231167\source\repos\firstmigration\actions-runner\.runner'
[2023-07-21 09:45:53Z INFO ConfigurationStore] ConfigFilePath: C:\Users\320231167\source\repos\firstmigration\actions-runner\.runner
[2023-07-21 09:45:53Z INFO HostContext] Well known directory 'Bin': 'C:\Users\320231167\source\repos\firstmigration\actions-runner\bin'
[2023-07-21 09:45:53Z INFO HostContext] Well known directory 'Root': 'C:\Users\320231167\source\repos\firstmigration\actions-runner'
[2023-07-21 09:45:53Z INFO HostContext] Well known config file 'Credentials': 'C:\Users\320231167\source\repos\firstmigration\actions-runner\.credentials'
[2023-07-21 09:45:53Z INFO ConfigurationStore] CredFilePath: C:\Users\320231167\source\repos\firstmigration\actions-runner\.credentials
[2023-07-21 09:45:53Z INFO HostContext] Well known directory 'Bin': 'C:\Users\320231167\source\repos\firstmigration\actions-runner\bin'
[2023-07-21 09:45:53Z INFO HostContext] Well known directory 'Root': 'C:\Users\320231167\source\repos\firstmigration\actions-runner'
[2023-07-21 09:45:53Z INFO HostContext] Well known config file 'MigratedCredentials': 'C:\Users\320231167\source\repos\firstmigration\actions-runner\.credentials_migrated'
[2023-07-21 09:45:53Z INFO ConfigurationStore] MigratedCredFilePath: C:\Users\320231167\source\repos\firstmigration\actions-runner\.credentials_migrated
[2023-07-21 09:45:53Z INFO HostContext] Well known directory 'Bin': 'C:\Users\320231167\source\repos\firstmigration\actions-runner\bin'
[2023-07-21 09:45:53Z INFO HostContext] Well known directory 'Root': 'C:\Users\320231167\source\repos\firstmigration\actions-runner'
[2023-07-21 09:45:53Z INFO HostContext] Well known config file 'Service': 'C:\Users\320231167\source\repos\firstmigration\actions-runner\.service'
[2023-07-21 09:45:53Z INFO ConfigurationStore] ServiceConfigFilePath: C:\Users\320231167\source\repos\firstmigration\actions-runner\.service
[2023-07-21 09:45:53Z INFO CommandSettings] Flag 'help': 'False'
[2023-07-21 09:45:53Z INFO CommandSettings] Flag 'version': 'False'
[2023-07-21 09:45:53Z INFO CommandSettings] Flag 'commit': 'False'
[2023-07-21 09:45:53Z INFO CommandSettings] Flag 'check': 'False'
[2023-07-21 09:45:53Z INFO CommandSettings] Command 'configure': 'False'
[2023-07-21 09:45:53Z INFO CommandSettings] Command 'remove': 'False'
[2023-07-21 09:45:53Z INFO CommandSettings] Command 'warmup': 'False'
[2023-07-21 09:45:53Z INFO ConfigurationManager] LoadSettings
[2023-07-21 09:45:53Z INFO ConfigurationStore] IsConfigured()
[2023-07-21 09:45:53Z INFO ConfigurationStore] IsConfigured: True
[2023-07-21 09:45:53Z INFO ConfigurationManager] Is configured: True
[2023-07-21 09:45:53Z INFO ConfigurationStore] Read setting file: 302 chars
[2023-07-21 09:45:53Z INFO ConfigurationManager] Settings Loaded
[2023-07-21 09:45:53Z INFO ConfigurationStore] IsServiceConfigured()
[2023-07-21 09:45:53Z INFO ConfigurationStore] IsServiceConfigured: False
[2023-07-21 09:45:53Z INFO CommandSettings] Command 'run': 'True'
[2023-07-21 09:45:53Z INFO ConfigurationStore] IsConfigured()
[2023-07-21 09:45:53Z INFO ConfigurationStore] IsConfigured: True
[2023-07-21 09:45:53Z INFO ConfigurationManager] Is configured: True
[2023-07-21 09:45:53Z INFO Runner] Could not parse the argument value '' for StartupType. Defaulting to Manual
[2023-07-21 09:45:53Z INFO Runner] Set runner startup type - Manual
[2023-07-21 09:45:53Z INFO CommandSettings] Flag 'once': 'False'
[2023-07-21 09:45:53Z INFO CommandSettings] Flag 'once': 'False'
[2023-07-21 09:45:53Z INFO Runner] RunAsync
[2023-07-21 09:45:53Z INFO ConfigurationManager] LoadSettings
[2023-07-21 09:45:53Z INFO ConfigurationStore] IsConfigured()
[2023-07-21 09:45:53Z INFO ConfigurationStore] IsConfigured: True
[2023-07-21 09:45:53Z INFO ConfigurationManager] Is configured: True
[2023-07-21 09:45:53Z INFO ConfigurationManager] Settings Loaded
[2023-07-21 09:45:53Z INFO MessageListener] {
  "AgentId": 22,
  "AgentName": "YY304158",
  "PoolId": 1,
  "PoolName": "Default",
  "ServerUrl": "https://pipelines.actions.githubusercontent.com/OmSwu12Rhw5x1klRIulgipBgeHV59e8xCshnItRDNMtbTpMq9Y",
  "GitHubUrl": "https://github.com/shreyabansall/firstmigration",
  "WorkFolder": "_work"
}
[2023-07-21 09:45:53Z INFO MessageListener] Loading Credentials
[2023-07-21 09:45:53Z INFO ConfigurationStore] HasCredentials()
[2023-07-21 09:45:53Z INFO ConfigurationStore] stored True
[2023-07-21 09:45:53Z INFO CredentialManager] GetCredentialProvider
[2023-07-21 09:45:53Z INFO CredentialManager] Creating type OAuth
[2023-07-21 09:45:53Z INFO CredentialManager] Creating credential type: OAuth
[2023-07-21 09:45:53Z INFO HostContext] Well known directory 'Bin': 'C:\Users\320231167\source\repos\firstmigration\actions-runner\bin'
[2023-07-21 09:45:53Z INFO HostContext] Well known directory 'Root': 'C:\Users\320231167\source\repos\firstmigration\actions-runner'
[2023-07-21 09:45:53Z INFO HostContext] Well known config file 'RSACredentials': 'C:\Users\320231167\source\repos\firstmigration\actions-runner\.credentials_rsaparams'
[2023-07-21 09:45:53Z INFO RSAEncryptedFileKeyManager] Loading RSA key parameters from file C:\Users\320231167\source\repos\firstmigration\actions-runner\.credentials_rsaparams
[2023-07-21 09:45:53Z INFO MessageListener] Attempt to create session.
[2023-07-21 09:45:53Z INFO MessageListener] Connecting to the Runner Server...
[2023-07-21 09:45:53Z INFO RunnerServer] EstablishVssConnection
[2023-07-21 09:45:53Z INFO RunnerServer] Establish connection with 100 seconds timeout.
[2023-07-21 09:45:53Z INFO GitHubActionsService] Starting operation Location.GetConnectionData
[2023-07-21 09:45:53Z INFO RunnerServer] EstablishVssConnection
[2023-07-21 09:45:53Z INFO RunnerServer] Establish connection with 60 seconds timeout.
[2023-07-21 09:45:53Z INFO GitHubActionsService] Starting operation Location.GetConnectionData
[2023-07-21 09:45:53Z INFO RunnerServer] EstablishVssConnection
[2023-07-21 09:45:53Z INFO RunnerServer] Establish connection with 60 seconds timeout.
[2023-07-21 09:45:53Z INFO GitHubActionsService] Starting operation Location.GetConnectionData
[2023-07-21 09:45:54Z INFO GitHubActionsService] Finished operation Location.GetConnectionData
[2023-07-21 09:45:55Z INFO GitHubActionsService] Finished operation Location.GetConnectionData
[2023-07-21 09:45:55Z INFO GitHubActionsService] Finished operation Location.GetConnectionData
[2023-07-21 09:45:55Z INFO MessageListener] VssConnection created
[2023-07-21 09:45:55Z INFO Terminal] WRITE LINE: 
[2023-07-21 09:45:55Z INFO Terminal] WRITE LINE: 
[2023-07-21 09:45:55Z INFO RSAEncryptedFileKeyManager] Loading RSA key parameters from file C:\Users\320231167\source\repos\firstmigration\actions-runner\.credentials_rsaparams
[2023-07-21 09:45:55Z INFO RSAEncryptedFileKeyManager] Loading RSA key parameters from file C:\Users\320231167\source\repos\firstmigration\actions-runner\.credentials_rsaparams
[2023-07-21 09:45:56Z INFO GitHubActionsService] AAD Correlation ID for this token request: Unknown
[2023-07-21 09:45:57Z INFO MessageListener] Session created.
[2023-07-21 09:45:57Z INFO Terminal] WRITE LINE: Current runner version: '2.306.0'
[2023-07-21 09:45:57Z INFO Terminal] WRITE LINE: 2023-07-21 09:45:57Z: Listening for Jobs
[2023-07-21 09:45:57Z INFO JobDispatcher] Set runner/worker IPC timeout to 30 seconds.
[2023-07-21 09:56:29Z INFO Terminal] WRITE LINE: Exiting...
[2023-07-21 09:56:29Z INFO ConfigurationStore] IsServiceConfigured()
[2023-07-21 09:56:29Z INFO ConfigurationStore] IsServiceConfigured: False
[2023-07-21 09:56:29Z INFO HostContext] Runner will be shutdown for UserCancelled
[2023-07-21 09:56:29Z WARN GitHubActionsService] GET request to https://pipelines.actions.githubusercontent.com/OmSwu12Rhw5x1klRIulgipBgeHV59e8xCshnItRDNMtbTpMq9Y/_apis/distributedtask/pools/1/messages?sessionId=d4b97f03-3f61-48ed-9b91-cf41c47f0bc4&status=Online&runnerVersion=2.306.0 has been cancelled.
[2023-07-21 09:56:29Z INFO MessageListener] Get next message has been cancelled.
[2023-07-21 09:56:29Z INFO JobDispatcher] Shutting down JobDispatcher. Make sure all WorkerDispatcher has finished.
[2023-07-21 09:56:31Z INFO Listener] Runner execution been cancelled.
